<?xml version="1.0" encoding="UTF-8"?>
<testsuite xmlns:xsi="http://www.w3.org/2001/XMLSchema-instance" xsi:noNamespaceSchemaLocation="https://maven.apache.org/surefire/maven-surefire-plugin/xsd/surefire-test-report.xsd" name="org.optaplanner.examples.nqueens.optional.benchmark.NQueensBenchmarkTest" time="12.132" tests="2" errors="0" skipped="0" failures="0">
  <properties>
    <property name="sun.desktop" value="windows"/>
    <property name="awt.toolkit" value="sun.awt.windows.WToolkit"/>
    <property name="java.specification.version" value="11"/>
    <property name="sun.cpu.isalist" value="amd64"/>
    <property name="sun.jnu.encoding" value="MS949"/>
    <property name="java.class.path" value="D:\JavaProject\optaplanner-distribution-8.5.0.Final\examples\sources\target\test-classes;D:\JavaProject\optaplanner-distribution-8.5.0.Final\examples\sources\target\classes;C:\Users\sinde\.m2\repository\org\optaplanner\optaplanner-core\8.5.0.Final\optaplanner-core-8.5.0.Final.jar;C:\Users\sinde\.m2\repository\org\kie\kie-internal\7.52.0.Final\kie-internal-7.52.0.Final.jar;C:\Users\sinde\.m2\repository\org\drools\drools-canonical-model\7.52.0.Final\drools-canonical-model-7.52.0.Final.jar;C:\Users\sinde\.m2\repository\org\drools\drools-model-compiler\7.52.0.Final\drools-model-compiler-7.52.0.Final.jar;C:\Users\sinde\.m2\repository\org\drools\drools-core-reflective\7.52.0.Final\drools-core-reflective-7.52.0.Final.jar;C:\Users\sinde\.m2\repository\org\kie\kie-memory-compiler\7.52.0.Final\kie-memory-compiler-7.52.0.Final.jar;C:\Users\sinde\.m2\repository\org\drools\drools-compiler\7.52.0.Final\drools-compiler-7.52.0.Final.jar;C:\Users\sinde\.m2\repository\org\drools\drools-ecj\7.52.0.Final\drools-ecj-7.52.0.Final.jar;C:\Users\sinde\.m2\repository\org\antlr\antlr-runtime\3.5.2\antlr-runtime-3.5.2.jar;C:\Users\sinde\.m2\repository\com\github\javaparser\javaparser-core\3.13.10\javaparser-core-3.13.10.jar;C:\Users\sinde\.m2\repository\org\drools\drools-mvel-parser\7.52.0.Final\drools-mvel-parser-7.52.0.Final.jar;C:\Users\sinde\.m2\repository\org\drools\drools-mvel-compiler\7.52.0.Final\drools-mvel-compiler-7.52.0.Final.jar;C:\Users\sinde\.m2\repository\org\drools\drools-core\7.52.0.Final\drools-core-7.52.0.Final.jar;C:\Users\sinde\.m2\repository\org\kie\soup\kie-soup-xstream\7.52.0.Final\kie-soup-xstream-7.52.0.Final.jar;C:\Users\sinde\.m2\repository\org\drools\drools-core-dynamic\7.52.0.Final\drools-core-dynamic-7.52.0.Final.jar;C:\Users\sinde\.m2\repository\org\drools\drools-alphanetwork-compiler\7.52.0.Final\drools-alphanetwork-compiler-7.52.0.Final.jar;C:\Users\sinde\.m2\repository\org\drools\drools-mvel\7.52.0.Final\drools-mvel-7.52.0.Final.jar;C:\Users\sinde\.m2\repository\org\mvel\mvel2\2.4.12.Final\mvel2-2.4.12.Final.jar;C:\Users\sinde\.m2\repository\org\kie\soup\kie-soup-project-datamodel-commons\7.52.0.Final\kie-soup-project-datamodel-commons-7.52.0.Final.jar;C:\Users\sinde\.m2\repository\org\kie\soup\kie-soup-commons\7.52.0.Final\kie-soup-commons-7.52.0.Final.jar;C:\Users\sinde\.m2\repository\org\kie\soup\kie-soup-project-datamodel-api\7.52.0.Final\kie-soup-project-datamodel-api-7.52.0.Final.jar;C:\Users\sinde\.m2\repository\org\apache\commons\commons-math3\3.4.1\commons-math3-3.4.1.jar;C:\Users\sinde\.m2\repository\jakarta\xml\bind\jakarta.xml.bind-api\2.3.3\jakarta.xml.bind-api-2.3.3.jar;C:\Users\sinde\.m2\repository\jakarta\activation\jakarta.activation-api\1.2.2\jakarta.activation-api-1.2.2.jar;C:\Users\sinde\.m2\repository\org\glassfish\jaxb\jaxb-runtime\2.3.3\jaxb-runtime-2.3.3.jar;C:\Users\sinde\.m2\repository\org\glassfish\jaxb\txw2\2.3.3\txw2-2.3.3.jar;C:\Users\sinde\.m2\repository\com\sun\istack\istack-commons-runtime\3.0.11\istack-commons-runtime-3.0.11.jar;C:\Users\sinde\.m2\repository\com\sun\activation\jakarta.activation\1.2.2\jakarta.activation-1.2.2.jar;C:\Users\sinde\.m2\repository\org\optaplanner\optaplanner-persistence-common\8.5.0.Final\optaplanner-persistence-common-8.5.0.Final.jar;C:\Users\sinde\.m2\repository\org\optaplanner\optaplanner-persistence-xstream\8.5.0.Final\optaplanner-persistence-xstream-8.5.0.Final.jar;C:\Users\sinde\.m2\repository\org\optaplanner\optaplanner-benchmark\8.5.0.Final\optaplanner-benchmark-8.5.0.Final.jar;C:\Users\sinde\.m2\repository\org\optaplanner\optaplanner-persistence-jaxb\8.5.0.Final\optaplanner-persistence-jaxb-8.5.0.Final.jar;C:\Users\sinde\.m2\repository\org\freemarker\freemarker\2.3.28\freemarker-2.3.28.jar;C:\Users\sinde\.m2\repository\org\optaplanner\optaplanner-test\8.5.0.Final\optaplanner-test-8.5.0.Final.jar;C:\Users\sinde\.m2\repository\org\kie\kie-api\7.52.0.Final\kie-api-7.52.0.Final.jar;C:\Users\sinde\.m2\repository\org\kie\soup\kie-soup-maven-support\7.52.0.Final\kie-soup-maven-support-7.52.0.Final.jar;C:\Users\sinde\.m2\repository\commons-io\commons-io\2.6\commons-io-2.6.jar;C:\Users\sinde\.m2\repository\org\glassfish\jakarta.json\1.1.6\jakarta.json-1.1.6.jar;C:\Users\sinde\.m2\repository\org\jfree\jfreechart\1.5.0\jfreechart-1.5.0.jar;C:\Users\sinde\.m2\repository\org\apache\commons\commons-lang3\3.9\commons-lang3-3.9.jar;C:\Users\sinde\.m2\repository\org\slf4j\slf4j-api\1.7.26\slf4j-api-1.7.26.jar;C:\Users\sinde\.m2\repository\ch\qos\logback\logback-classic\1.2.3\logback-classic-1.2.3.jar;C:\Users\sinde\.m2\repository\ch\qos\logback\logback-core\1.2.3\logback-core-1.2.3.jar;C:\Users\sinde\.m2\repository\com\thoughtworks\xstream\xstream\1.4.16\xstream-1.4.16.jar;C:\Users\sinde\.m2\repository\io\github\x-stream\mxparser\1.2.1\mxparser-1.2.1.jar;C:\Users\sinde\.m2\repository\xmlpull\xmlpull\1.1.3.1\xmlpull-1.1.3.1.jar;C:\Users\sinde\.m2\repository\org\junit\jupiter\junit-jupiter-api\5.5.2\junit-jupiter-api-5.5.2.jar;C:\Users\sinde\.m2\repository\org\apiguardian\apiguardian-api\1.1.0\apiguardian-api-1.1.0.jar;C:\Users\sinde\.m2\repository\org\opentest4j\opentest4j\1.2.0\opentest4j-1.2.0.jar;C:\Users\sinde\.m2\repository\org\junit\platform\junit-platform-commons\1.5.2\junit-platform-commons-1.5.2.jar;C:\Users\sinde\.m2\repository\org\junit\jupiter\junit-jupiter-engine\5.5.2\junit-jupiter-engine-5.5.2.jar;C:\Users\sinde\.m2\repository\org\junit\platform\junit-platform-engine\1.5.2\junit-platform-engine-1.5.2.jar;C:\Users\sinde\.m2\repository\org\junit\jupiter\junit-jupiter-params\5.5.2\junit-jupiter-params-5.5.2.jar;C:\Users\sinde\.m2\repository\org\assertj\assertj-core\3.14.0\assertj-core-3.14.0.jar;C:\Users\sinde\.m2\repository\org\jdom\jdom\1.1.3\jdom-1.1.3.jar;C:\Users\sinde\.m2\repository\org\apache\poi\poi\4.1.2\poi-4.1.2.jar;C:\Users\sinde\.m2\repository\commons-codec\commons-codec\1.13\commons-codec-1.13.jar;C:\Users\sinde\.m2\repository\org\apache\commons\commons-collections4\4.4\commons-collections4-4.4.jar;C:\Users\sinde\.m2\repository\com\zaxxer\SparseBitSet\1.2\SparseBitSet-1.2.jar;C:\Users\sinde\.m2\repository\org\apache\poi\poi-ooxml\4.1.2\poi-ooxml-4.1.2.jar;C:\Users\sinde\.m2\repository\org\apache\poi\poi-ooxml-schemas\4.1.2\poi-ooxml-schemas-4.1.2.jar;C:\Users\sinde\.m2\repository\org\apache\xmlbeans\xmlbeans\3.1.0\xmlbeans-3.1.0.jar;C:\Users\sinde\.m2\repository\org\apache\commons\commons-compress\1.19\commons-compress-1.19.jar;C:\Users\sinde\.m2\repository\com\github\virtuald\curvesapi\1.06\curvesapi-1.06.jar;"/>
    <property name="java.vm.vendor" value="Azul Systems, Inc."/>
    <property name="sun.arch.data.model" value="64"/>
    <property name="user.variant" value=""/>
    <property name="java.vendor.url" value="http://www.azulsystems.com/"/>
    <property name="user.timezone" value="Asia/Seoul"/>
    <property name="java.vm.specification.version" value="11"/>
    <property name="os.name" value="Windows 10"/>
    <property name="sun.java.launcher" value="SUN_STANDARD"/>
    <property name="user.country" value="KR"/>
    <property name="sun.boot.library.path" value="C:\Program Files\Zulu\zulu-11\bin"/>
    <property name="sun.java.command" value="C:\Users\sinde\AppData\Local\Temp\surefire17189140940026682987\surefirebooter3277756185779583312.jar C:\Users\sinde\AppData\Local\Temp\surefire17189140940026682987 2021-06-05T12-17-00_200-jvmRun1 surefire7580552839458684371tmp surefire_03081796369294994308tmp"/>
    <property name="jdk.debug" value="release"/>
    <property name="surefire.test.class.path" value="D:\JavaProject\optaplanner-distribution-8.5.0.Final\examples\sources\target\test-classes;D:\JavaProject\optaplanner-distribution-8.5.0.Final\examples\sources\target\classes;C:\Users\sinde\.m2\repository\org\optaplanner\optaplanner-core\8.5.0.Final\optaplanner-core-8.5.0.Final.jar;C:\Users\sinde\.m2\repository\org\kie\kie-internal\7.52.0.Final\kie-internal-7.52.0.Final.jar;C:\Users\sinde\.m2\repository\org\drools\drools-canonical-model\7.52.0.Final\drools-canonical-model-7.52.0.Final.jar;C:\Users\sinde\.m2\repository\org\drools\drools-model-compiler\7.52.0.Final\drools-model-compiler-7.52.0.Final.jar;C:\Users\sinde\.m2\repository\org\drools\drools-core-reflective\7.52.0.Final\drools-core-reflective-7.52.0.Final.jar;C:\Users\sinde\.m2\repository\org\kie\kie-memory-compiler\7.52.0.Final\kie-memory-compiler-7.52.0.Final.jar;C:\Users\sinde\.m2\repository\org\drools\drools-compiler\7.52.0.Final\drools-compiler-7.52.0.Final.jar;C:\Users\sinde\.m2\repository\org\drools\drools-ecj\7.52.0.Final\drools-ecj-7.52.0.Final.jar;C:\Users\sinde\.m2\repository\org\antlr\antlr-runtime\3.5.2\antlr-runtime-3.5.2.jar;C:\Users\sinde\.m2\repository\com\github\javaparser\javaparser-core\3.13.10\javaparser-core-3.13.10.jar;C:\Users\sinde\.m2\repository\org\drools\drools-mvel-parser\7.52.0.Final\drools-mvel-parser-7.52.0.Final.jar;C:\Users\sinde\.m2\repository\org\drools\drools-mvel-compiler\7.52.0.Final\drools-mvel-compiler-7.52.0.Final.jar;C:\Users\sinde\.m2\repository\org\drools\drools-core\7.52.0.Final\drools-core-7.52.0.Final.jar;C:\Users\sinde\.m2\repository\org\kie\soup\kie-soup-xstream\7.52.0.Final\kie-soup-xstream-7.52.0.Final.jar;C:\Users\sinde\.m2\repository\org\drools\drools-core-dynamic\7.52.0.Final\drools-core-dynamic-7.52.0.Final.jar;C:\Users\sinde\.m2\repository\org\drools\drools-alphanetwork-compiler\7.52.0.Final\drools-alphanetwork-compiler-7.52.0.Final.jar;C:\Users\sinde\.m2\repository\org\drools\drools-mvel\7.52.0.Final\drools-mvel-7.52.0.Final.jar;C:\Users\sinde\.m2\repository\org\mvel\mvel2\2.4.12.Final\mvel2-2.4.12.Final.jar;C:\Users\sinde\.m2\repository\org\kie\soup\kie-soup-project-datamodel-commons\7.52.0.Final\kie-soup-project-datamodel-commons-7.52.0.Final.jar;C:\Users\sinde\.m2\repository\org\kie\soup\kie-soup-commons\7.52.0.Final\kie-soup-commons-7.52.0.Final.jar;C:\Users\sinde\.m2\repository\org\kie\soup\kie-soup-project-datamodel-api\7.52.0.Final\kie-soup-project-datamodel-api-7.52.0.Final.jar;C:\Users\sinde\.m2\repository\org\apache\commons\commons-math3\3.4.1\commons-math3-3.4.1.jar;C:\Users\sinde\.m2\repository\jakarta\xml\bind\jakarta.xml.bind-api\2.3.3\jakarta.xml.bind-api-2.3.3.jar;C:\Users\sinde\.m2\repository\jakarta\activation\jakarta.activation-api\1.2.2\jakarta.activation-api-1.2.2.jar;C:\Users\sinde\.m2\repository\org\glassfish\jaxb\jaxb-runtime\2.3.3\jaxb-runtime-2.3.3.jar;C:\Users\sinde\.m2\repository\org\glassfish\jaxb\txw2\2.3.3\txw2-2.3.3.jar;C:\Users\sinde\.m2\repository\com\sun\istack\istack-commons-runtime\3.0.11\istack-commons-runtime-3.0.11.jar;C:\Users\sinde\.m2\repository\com\sun\activation\jakarta.activation\1.2.2\jakarta.activation-1.2.2.jar;C:\Users\sinde\.m2\repository\org\optaplanner\optaplanner-persistence-common\8.5.0.Final\optaplanner-persistence-common-8.5.0.Final.jar;C:\Users\sinde\.m2\repository\org\optaplanner\optaplanner-persistence-xstream\8.5.0.Final\optaplanner-persistence-xstream-8.5.0.Final.jar;C:\Users\sinde\.m2\repository\org\optaplanner\optaplanner-benchmark\8.5.0.Final\optaplanner-benchmark-8.5.0.Final.jar;C:\Users\sinde\.m2\repository\org\optaplanner\optaplanner-persistence-jaxb\8.5.0.Final\optaplanner-persistence-jaxb-8.5.0.Final.jar;C:\Users\sinde\.m2\repository\org\freemarker\freemarker\2.3.28\freemarker-2.3.28.jar;C:\Users\sinde\.m2\repository\org\optaplanner\optaplanner-test\8.5.0.Final\optaplanner-test-8.5.0.Final.jar;C:\Users\sinde\.m2\repository\org\kie\kie-api\7.52.0.Final\kie-api-7.52.0.Final.jar;C:\Users\sinde\.m2\repository\org\kie\soup\kie-soup-maven-support\7.52.0.Final\kie-soup-maven-support-7.52.0.Final.jar;C:\Users\sinde\.m2\repository\commons-io\commons-io\2.6\commons-io-2.6.jar;C:\Users\sinde\.m2\repository\org\glassfish\jakarta.json\1.1.6\jakarta.json-1.1.6.jar;C:\Users\sinde\.m2\repository\org\jfree\jfreechart\1.5.0\jfreechart-1.5.0.jar;C:\Users\sinde\.m2\repository\org\apache\commons\commons-lang3\3.9\commons-lang3-3.9.jar;C:\Users\sinde\.m2\repository\org\slf4j\slf4j-api\1.7.26\slf4j-api-1.7.26.jar;C:\Users\sinde\.m2\repository\ch\qos\logback\logback-classic\1.2.3\logback-classic-1.2.3.jar;C:\Users\sinde\.m2\repository\ch\qos\logback\logback-core\1.2.3\logback-core-1.2.3.jar;C:\Users\sinde\.m2\repository\com\thoughtworks\xstream\xstream\1.4.16\xstream-1.4.16.jar;C:\Users\sinde\.m2\repository\io\github\x-stream\mxparser\1.2.1\mxparser-1.2.1.jar;C:\Users\sinde\.m2\repository\xmlpull\xmlpull\1.1.3.1\xmlpull-1.1.3.1.jar;C:\Users\sinde\.m2\repository\org\junit\jupiter\junit-jupiter-api\5.5.2\junit-jupiter-api-5.5.2.jar;C:\Users\sinde\.m2\repository\org\apiguardian\apiguardian-api\1.1.0\apiguardian-api-1.1.0.jar;C:\Users\sinde\.m2\repository\org\opentest4j\opentest4j\1.2.0\opentest4j-1.2.0.jar;C:\Users\sinde\.m2\repository\org\junit\platform\junit-platform-commons\1.5.2\junit-platform-commons-1.5.2.jar;C:\Users\sinde\.m2\repository\org\junit\jupiter\junit-jupiter-engine\5.5.2\junit-jupiter-engine-5.5.2.jar;C:\Users\sinde\.m2\repository\org\junit\platform\junit-platform-engine\1.5.2\junit-platform-engine-1.5.2.jar;C:\Users\sinde\.m2\repository\org\junit\jupiter\junit-jupiter-params\5.5.2\junit-jupiter-params-5.5.2.jar;C:\Users\sinde\.m2\repository\org\assertj\assertj-core\3.14.0\assertj-core-3.14.0.jar;C:\Users\sinde\.m2\repository\org\jdom\jdom\1.1.3\jdom-1.1.3.jar;C:\Users\sinde\.m2\repository\org\apache\poi\poi\4.1.2\poi-4.1.2.jar;C:\Users\sinde\.m2\repository\commons-codec\commons-codec\1.13\commons-codec-1.13.jar;C:\Users\sinde\.m2\repository\org\apache\commons\commons-collections4\4.4\commons-collections4-4.4.jar;C:\Users\sinde\.m2\repository\com\zaxxer\SparseBitSet\1.2\SparseBitSet-1.2.jar;C:\Users\sinde\.m2\repository\org\apache\poi\poi-ooxml\4.1.2\poi-ooxml-4.1.2.jar;C:\Users\sinde\.m2\repository\org\apache\poi\poi-ooxml-schemas\4.1.2\poi-ooxml-schemas-4.1.2.jar;C:\Users\sinde\.m2\repository\org\apache\xmlbeans\xmlbeans\3.1.0\xmlbeans-3.1.0.jar;C:\Users\sinde\.m2\repository\org\apache\commons\commons-compress\1.19\commons-compress-1.19.jar;C:\Users\sinde\.m2\repository\com\github\virtuald\curvesapi\1.06\curvesapi-1.06.jar;"/>
    <property name="sun.cpu.endian" value="little"/>
    <property name="user.home" value="C:\Users\sinde"/>
    <property name="user.language" value="ko"/>
    <property name="java.specification.vendor" value="Oracle Corporation"/>
    <property name="java.version.date" value="2020-01-14"/>
    <property name="java.home" value="C:\Program Files\Zulu\zulu-11"/>
    <property name="file.separator" value="\"/>
    <property name="basedir" value="D:\JavaProject\optaplanner-distribution-8.5.0.Final\examples\sources"/>
    <property name="java.vm.compressedOopsMode" value="Zero based"/>
    <property name="line.separator" value="&#10;"/>
    <property name="java.specification.name" value="Java Platform API Specification"/>
    <property name="java.vm.specification.vendor" value="Oracle Corporation"/>
    <property name="java.awt.graphicsenv" value="sun.awt.Win32GraphicsEnvironment"/>
    <property name="java.awt.headless" value="true"/>
    <property name="surefire.real.class.path" value="C:\Users\sinde\AppData\Local\Temp\surefire17189140940026682987\surefirebooter3277756185779583312.jar"/>
    <property name="user.script" value=""/>
    <property name="sun.management.compiler" value="HotSpot 64-Bit Tiered Compilers"/>
    <property name="java.runtime.version" value="11.0.6+10-LTS"/>
    <property name="user.name" value="sinde"/>
    <property name="path.separator" value=";"/>
    <property name="os.version" value="10.0"/>
    <property name="java.runtime.name" value="OpenJDK Runtime Environment"/>
    <property name="file.encoding" value="MS949"/>
    <property name="java.vm.name" value="OpenJDK 64-Bit Server VM"/>
    <property name="java.vendor.version" value="Zulu11.37+17-CA"/>
    <property name="localRepository" value="C:\Users\sinde\.m2\repository"/>
    <property name="java.vendor.url.bug" value="http://www.azulsystems.com/support/"/>
    <property name="java.io.tmpdir" value="D:\JavaProject\optaplanner-distribution-8.5.0.Final\examples\sources\target"/>
    <property name="idea.version" value="2021.1.2"/>
    <property name="java.version" value="11.0.6"/>
    <property name="user.dir" value="D:\JavaProject\optaplanner-distribution-8.5.0.Final\examples\sources"/>
    <property name="os.arch" value="amd64"/>
    <property name="java.vm.specification.name" value="Java Virtual Machine Specification"/>
    <property name="java.awt.printerjob" value="sun.awt.windows.WPrinterJob"/>
    <property name="sun.os.patch.level" value=""/>
    <property name="java.library.path" value="C:\Program Files\Zulu\zulu-11\bin;C:\WINDOWS\Sun\Java\bin;C:\WINDOWS\system32;C:\WINDOWS;C:\Program Files (x86)\NAT Service;C:\WINDOWS\system32;C:\WINDOWS;C:\WINDOWS\System32\Wbem;C:\WINDOWS\System32\WindowsPowerShell\v1.0\;C:\WINDOWS\System32\OpenSSH\;C:\Program Files\nodejs\;C:\Program Files\Zulu\zulu-11\bin\;C:\Program Files\Zulu\zulu-8\bin\;D:\WebProject\apache-maven-3.6.3\bin;C:\Program Files\Git\cmd;C:\Program Files\mingw-w64\x86_64-8.1.0-posix-seh-rt_v6-rev0\mingw64\bin;C:\Program Files (x86)\Windows Kits\10\Windows Performance Toolkit\;C:\Program Files\Python64bit\Scripts\;C:\Program Files\Python64bit\;C:\Program Files\MySQL\MySQL Shell 8.0\bin\;C:\Users\sinde\AppData\Local\Microsoft\WindowsApps;C:\Users\sinde\AppData\Roaming\npm;C:\Program Files\JetBrains\IntelliJ IDEA Community Edition 2021.1.2\bin;;C:\Users\sinde\AppData\Local\Programs\Microsoft VS Code\bin;C:\Program Files\JetBrains\PyCharm Community Edition 2020.1.4\bin;;;."/>
    <property name="java.vendor" value="Azul Systems, Inc."/>
    <property name="java.vm.info" value="mixed mode"/>
    <property name="java.vm.version" value="11.0.6+10-LTS"/>
    <property name="sun.io.unicode.encoding" value="UnicodeLittle"/>
    <property name="java.class.version" value="55.0"/>
  </properties>
  <testcase name="benchmark64queensSingleThread" classname="org.optaplanner.examples.nqueens.optional.benchmark.NQueensBenchmarkTest" time="12.091"/>
  <testcase name="benchmarkDirectoryNameDuplication" classname="org.optaplanner.examples.nqueens.optional.benchmark.NQueensBenchmarkTest" time="0.04"/>
</testsuite>