<?xml version="1.0" encoding="UTF-8"?>
<testsuite xmlns:xsi="http://www.w3.org/2001/XMLSchema-instance" xsi:noNamespaceSchemaLocation="https://maven.apache.org/surefire/maven-surefire-plugin/xsd/surefire-test-report.xsd" name="org.optaplanner.examples.vehiclerouting.persistence.VehicleRoutingImportDataFilesTest" time="3.365" tests="228" errors="0" skipped="0" failures="0">
  <properties>
    <property name="sun.desktop" value="windows"/>
    <property name="awt.toolkit" value="sun.awt.windows.WToolkit"/>
    <property name="java.specification.version" value="11"/>
    <property name="sun.cpu.isalist" value="amd64"/>
    <property name="sun.jnu.encoding" value="MS949"/>
    <property name="java.class.path" value="D:\JavaProject\optaplanner-distribution-8.5.0.Final\examples\sources\target\test-classes;D:\JavaProject\optaplanner-distribution-8.5.0.Final\examples\sources\target\classes;C:\Users\sinde\.m2\repository\org\optaplanner\optaplanner-core\8.5.0.Final\optaplanner-core-8.5.0.Final.jar;C:\Users\sinde\.m2\repository\org\kie\kie-internal\7.52.0.Final\kie-internal-7.52.0.Final.jar;C:\Users\sinde\.m2\repository\org\drools\drools-canonical-model\7.52.0.Final\drools-canonical-model-7.52.0.Final.jar;C:\Users\sinde\.m2\repository\org\drools\drools-model-compiler\7.52.0.Final\drools-model-compiler-7.52.0.Final.jar;C:\Users\sinde\.m2\repository\org\drools\drools-core-reflective\7.52.0.Final\drools-core-reflective-7.52.0.Final.jar;C:\Users\sinde\.m2\repository\org\kie\kie-memory-compiler\7.52.0.Final\kie-memory-compiler-7.52.0.Final.jar;C:\Users\sinde\.m2\repository\org\drools\drools-compiler\7.52.0.Final\drools-compiler-7.52.0.Final.jar;C:\Users\sinde\.m2\repository\org\drools\drools-ecj\7.52.0.Final\drools-ecj-7.52.0.Final.jar;C:\Users\sinde\.m2\repository\org\antlr\antlr-runtime\3.5.2\antlr-runtime-3.5.2.jar;C:\Users\sinde\.m2\repository\com\github\javaparser\javaparser-core\3.13.10\javaparser-core-3.13.10.jar;C:\Users\sinde\.m2\repository\org\drools\drools-mvel-parser\7.52.0.Final\drools-mvel-parser-7.52.0.Final.jar;C:\Users\sinde\.m2\repository\org\drools\drools-mvel-compiler\7.52.0.Final\drools-mvel-compiler-7.52.0.Final.jar;C:\Users\sinde\.m2\repository\org\drools\drools-core\7.52.0.Final\drools-core-7.52.0.Final.jar;C:\Users\sinde\.m2\repository\org\kie\soup\kie-soup-xstream\7.52.0.Final\kie-soup-xstream-7.52.0.Final.jar;C:\Users\sinde\.m2\repository\org\drools\drools-core-dynamic\7.52.0.Final\drools-core-dynamic-7.52.0.Final.jar;C:\Users\sinde\.m2\repository\org\drools\drools-alphanetwork-compiler\7.52.0.Final\drools-alphanetwork-compiler-7.52.0.Final.jar;C:\Users\sinde\.m2\repository\org\drools\drools-mvel\7.52.0.Final\drools-mvel-7.52.0.Final.jar;C:\Users\sinde\.m2\repository\org\mvel\mvel2\2.4.12.Final\mvel2-2.4.12.Final.jar;C:\Users\sinde\.m2\repository\org\kie\soup\kie-soup-project-datamodel-commons\7.52.0.Final\kie-soup-project-datamodel-commons-7.52.0.Final.jar;C:\Users\sinde\.m2\repository\org\kie\soup\kie-soup-commons\7.52.0.Final\kie-soup-commons-7.52.0.Final.jar;C:\Users\sinde\.m2\repository\org\kie\soup\kie-soup-project-datamodel-api\7.52.0.Final\kie-soup-project-datamodel-api-7.52.0.Final.jar;C:\Users\sinde\.m2\repository\org\apache\commons\commons-math3\3.4.1\commons-math3-3.4.1.jar;C:\Users\sinde\.m2\repository\jakarta\xml\bind\jakarta.xml.bind-api\2.3.3\jakarta.xml.bind-api-2.3.3.jar;C:\Users\sinde\.m2\repository\jakarta\activation\jakarta.activation-api\1.2.2\jakarta.activation-api-1.2.2.jar;C:\Users\sinde\.m2\repository\org\glassfish\jaxb\jaxb-runtime\2.3.3\jaxb-runtime-2.3.3.jar;C:\Users\sinde\.m2\repository\org\glassfish\jaxb\txw2\2.3.3\txw2-2.3.3.jar;C:\Users\sinde\.m2\repository\com\sun\istack\istack-commons-runtime\3.0.11\istack-commons-runtime-3.0.11.jar;C:\Users\sinde\.m2\repository\com\sun\activation\jakarta.activation\1.2.2\jakarta.activation-1.2.2.jar;C:\Users\sinde\.m2\repository\org\optaplanner\optaplanner-persistence-common\8.5.0.Final\optaplanner-persistence-common-8.5.0.Final.jar;C:\Users\sinde\.m2\repository\org\optaplanner\optaplanner-persistence-xstream\8.5.0.Final\optaplanner-persistence-xstream-8.5.0.Final.jar;C:\Users\sinde\.m2\repository\org\optaplanner\optaplanner-benchmark\8.5.0.Final\optaplanner-benchmark-8.5.0.Final.jar;C:\Users\sinde\.m2\repository\org\optaplanner\optaplanner-persistence-jaxb\8.5.0.Final\optaplanner-persistence-jaxb-8.5.0.Final.jar;C:\Users\sinde\.m2\repository\org\freemarker\freemarker\2.3.28\freemarker-2.3.28.jar;C:\Users\sinde\.m2\repository\org\optaplanner\optaplanner-test\8.5.0.Final\optaplanner-test-8.5.0.Final.jar;C:\Users\sinde\.m2\repository\org\kie\kie-api\7.52.0.Final\kie-api-7.52.0.Final.jar;C:\Users\sinde\.m2\repository\org\kie\soup\kie-soup-maven-support\7.52.0.Final\kie-soup-maven-support-7.52.0.Final.jar;C:\Users\sinde\.m2\repository\commons-io\commons-io\2.6\commons-io-2.6.jar;C:\Users\sinde\.m2\repository\org\glassfish\jakarta.json\1.1.6\jakarta.json-1.1.6.jar;C:\Users\sinde\.m2\repository\org\jfree\jfreechart\1.5.0\jfreechart-1.5.0.jar;C:\Users\sinde\.m2\repository\org\apache\commons\commons-lang3\3.9\commons-lang3-3.9.jar;C:\Users\sinde\.m2\repository\org\slf4j\slf4j-api\1.7.26\slf4j-api-1.7.26.jar;C:\Users\sinde\.m2\repository\ch\qos\logback\logback-classic\1.2.3\logback-classic-1.2.3.jar;C:\Users\sinde\.m2\repository\ch\qos\logback\logback-core\1.2.3\logback-core-1.2.3.jar;C:\Users\sinde\.m2\repository\com\thoughtworks\xstream\xstream\1.4.16\xstream-1.4.16.jar;C:\Users\sinde\.m2\repository\io\github\x-stream\mxparser\1.2.1\mxparser-1.2.1.jar;C:\Users\sinde\.m2\repository\xmlpull\xmlpull\1.1.3.1\xmlpull-1.1.3.1.jar;C:\Users\sinde\.m2\repository\org\junit\jupiter\junit-jupiter-api\5.5.2\junit-jupiter-api-5.5.2.jar;C:\Users\sinde\.m2\repository\org\apiguardian\apiguardian-api\1.1.0\apiguardian-api-1.1.0.jar;C:\Users\sinde\.m2\repository\org\opentest4j\opentest4j\1.2.0\opentest4j-1.2.0.jar;C:\Users\sinde\.m2\repository\org\junit\platform\junit-platform-commons\1.5.2\junit-platform-commons-1.5.2.jar;C:\Users\sinde\.m2\repository\org\junit\jupiter\junit-jupiter-engine\5.5.2\junit-jupiter-engine-5.5.2.jar;C:\Users\sinde\.m2\repository\org\junit\platform\junit-platform-engine\1.5.2\junit-platform-engine-1.5.2.jar;C:\Users\sinde\.m2\repository\org\junit\jupiter\junit-jupiter-params\5.5.2\junit-jupiter-params-5.5.2.jar;C:\Users\sinde\.m2\repository\org\assertj\assertj-core\3.14.0\assertj-core-3.14.0.jar;C:\Users\sinde\.m2\repository\org\jdom\jdom\1.1.3\jdom-1.1.3.jar;C:\Users\sinde\.m2\repository\org\apache\poi\poi\4.1.2\poi-4.1.2.jar;C:\Users\sinde\.m2\repository\commons-codec\commons-codec\1.13\commons-codec-1.13.jar;C:\Users\sinde\.m2\repository\org\apache\commons\commons-collections4\4.4\commons-collections4-4.4.jar;C:\Users\sinde\.m2\repository\com\zaxxer\SparseBitSet\1.2\SparseBitSet-1.2.jar;C:\Users\sinde\.m2\repository\org\apache\poi\poi-ooxml\4.1.2\poi-ooxml-4.1.2.jar;C:\Users\sinde\.m2\repository\org\apache\poi\poi-ooxml-schemas\4.1.2\poi-ooxml-schemas-4.1.2.jar;C:\Users\sinde\.m2\repository\org\apache\xmlbeans\xmlbeans\3.1.0\xmlbeans-3.1.0.jar;C:\Users\sinde\.m2\repository\org\apache\commons\commons-compress\1.19\commons-compress-1.19.jar;C:\Users\sinde\.m2\repository\com\github\virtuald\curvesapi\1.06\curvesapi-1.06.jar;"/>
    <property name="java.vm.vendor" value="Azul Systems, Inc."/>
    <property name="sun.arch.data.model" value="64"/>
    <property name="user.variant" value=""/>
    <property name="java.vendor.url" value="http://www.azulsystems.com/"/>
    <property name="user.timezone" value="Asia/Seoul"/>
    <property name="java.vm.specification.version" value="11"/>
    <property name="os.name" value="Windows 10"/>
    <property name="sun.java.launcher" value="SUN_STANDARD"/>
    <property name="user.country" value="KR"/>
    <property name="sun.boot.library.path" value="C:\Program Files\Zulu\zulu-11\bin"/>
    <property name="sun.java.command" value="C:\Users\sinde\AppData\Local\Temp\surefire17189140940026682987\surefirebooter3277756185779583312.jar C:\Users\sinde\AppData\Local\Temp\surefire17189140940026682987 2021-06-05T12-17-00_200-jvmRun1 surefire7580552839458684371tmp surefire_03081796369294994308tmp"/>
    <property name="jdk.debug" value="release"/>
    <property name="surefire.test.class.path" value="D:\JavaProject\optaplanner-distribution-8.5.0.Final\examples\sources\target\test-classes;D:\JavaProject\optaplanner-distribution-8.5.0.Final\examples\sources\target\classes;C:\Users\sinde\.m2\repository\org\optaplanner\optaplanner-core\8.5.0.Final\optaplanner-core-8.5.0.Final.jar;C:\Users\sinde\.m2\repository\org\kie\kie-internal\7.52.0.Final\kie-internal-7.52.0.Final.jar;C:\Users\sinde\.m2\repository\org\drools\drools-canonical-model\7.52.0.Final\drools-canonical-model-7.52.0.Final.jar;C:\Users\sinde\.m2\repository\org\drools\drools-model-compiler\7.52.0.Final\drools-model-compiler-7.52.0.Final.jar;C:\Users\sinde\.m2\repository\org\drools\drools-core-reflective\7.52.0.Final\drools-core-reflective-7.52.0.Final.jar;C:\Users\sinde\.m2\repository\org\kie\kie-memory-compiler\7.52.0.Final\kie-memory-compiler-7.52.0.Final.jar;C:\Users\sinde\.m2\repository\org\drools\drools-compiler\7.52.0.Final\drools-compiler-7.52.0.Final.jar;C:\Users\sinde\.m2\repository\org\drools\drools-ecj\7.52.0.Final\drools-ecj-7.52.0.Final.jar;C:\Users\sinde\.m2\repository\org\antlr\antlr-runtime\3.5.2\antlr-runtime-3.5.2.jar;C:\Users\sinde\.m2\repository\com\github\javaparser\javaparser-core\3.13.10\javaparser-core-3.13.10.jar;C:\Users\sinde\.m2\repository\org\drools\drools-mvel-parser\7.52.0.Final\drools-mvel-parser-7.52.0.Final.jar;C:\Users\sinde\.m2\repository\org\drools\drools-mvel-compiler\7.52.0.Final\drools-mvel-compiler-7.52.0.Final.jar;C:\Users\sinde\.m2\repository\org\drools\drools-core\7.52.0.Final\drools-core-7.52.0.Final.jar;C:\Users\sinde\.m2\repository\org\kie\soup\kie-soup-xstream\7.52.0.Final\kie-soup-xstream-7.52.0.Final.jar;C:\Users\sinde\.m2\repository\org\drools\drools-core-dynamic\7.52.0.Final\drools-core-dynamic-7.52.0.Final.jar;C:\Users\sinde\.m2\repository\org\drools\drools-alphanetwork-compiler\7.52.0.Final\drools-alphanetwork-compiler-7.52.0.Final.jar;C:\Users\sinde\.m2\repository\org\drools\drools-mvel\7.52.0.Final\drools-mvel-7.52.0.Final.jar;C:\Users\sinde\.m2\repository\org\mvel\mvel2\2.4.12.Final\mvel2-2.4.12.Final.jar;C:\Users\sinde\.m2\repository\org\kie\soup\kie-soup-project-datamodel-commons\7.52.0.Final\kie-soup-project-datamodel-commons-7.52.0.Final.jar;C:\Users\sinde\.m2\repository\org\kie\soup\kie-soup-commons\7.52.0.Final\kie-soup-commons-7.52.0.Final.jar;C:\Users\sinde\.m2\repository\org\kie\soup\kie-soup-project-datamodel-api\7.52.0.Final\kie-soup-project-datamodel-api-7.52.0.Final.jar;C:\Users\sinde\.m2\repository\org\apache\commons\commons-math3\3.4.1\commons-math3-3.4.1.jar;C:\Users\sinde\.m2\repository\jakarta\xml\bind\jakarta.xml.bind-api\2.3.3\jakarta.xml.bind-api-2.3.3.jar;C:\Users\sinde\.m2\repository\jakarta\activation\jakarta.activation-api\1.2.2\jakarta.activation-api-1.2.2.jar;C:\Users\sinde\.m2\repository\org\glassfish\jaxb\jaxb-runtime\2.3.3\jaxb-runtime-2.3.3.jar;C:\Users\sinde\.m2\repository\org\glassfish\jaxb\txw2\2.3.3\txw2-2.3.3.jar;C:\Users\sinde\.m2\repository\com\sun\istack\istack-commons-runtime\3.0.11\istack-commons-runtime-3.0.11.jar;C:\Users\sinde\.m2\repository\com\sun\activation\jakarta.activation\1.2.2\jakarta.activation-1.2.2.jar;C:\Users\sinde\.m2\repository\org\optaplanner\optaplanner-persistence-common\8.5.0.Final\optaplanner-persistence-common-8.5.0.Final.jar;C:\Users\sinde\.m2\repository\org\optaplanner\optaplanner-persistence-xstream\8.5.0.Final\optaplanner-persistence-xstream-8.5.0.Final.jar;C:\Users\sinde\.m2\repository\org\optaplanner\optaplanner-benchmark\8.5.0.Final\optaplanner-benchmark-8.5.0.Final.jar;C:\Users\sinde\.m2\repository\org\optaplanner\optaplanner-persistence-jaxb\8.5.0.Final\optaplanner-persistence-jaxb-8.5.0.Final.jar;C:\Users\sinde\.m2\repository\org\freemarker\freemarker\2.3.28\freemarker-2.3.28.jar;C:\Users\sinde\.m2\repository\org\optaplanner\optaplanner-test\8.5.0.Final\optaplanner-test-8.5.0.Final.jar;C:\Users\sinde\.m2\repository\org\kie\kie-api\7.52.0.Final\kie-api-7.52.0.Final.jar;C:\Users\sinde\.m2\repository\org\kie\soup\kie-soup-maven-support\7.52.0.Final\kie-soup-maven-support-7.52.0.Final.jar;C:\Users\sinde\.m2\repository\commons-io\commons-io\2.6\commons-io-2.6.jar;C:\Users\sinde\.m2\repository\org\glassfish\jakarta.json\1.1.6\jakarta.json-1.1.6.jar;C:\Users\sinde\.m2\repository\org\jfree\jfreechart\1.5.0\jfreechart-1.5.0.jar;C:\Users\sinde\.m2\repository\org\apache\commons\commons-lang3\3.9\commons-lang3-3.9.jar;C:\Users\sinde\.m2\repository\org\slf4j\slf4j-api\1.7.26\slf4j-api-1.7.26.jar;C:\Users\sinde\.m2\repository\ch\qos\logback\logback-classic\1.2.3\logback-classic-1.2.3.jar;C:\Users\sinde\.m2\repository\ch\qos\logback\logback-core\1.2.3\logback-core-1.2.3.jar;C:\Users\sinde\.m2\repository\com\thoughtworks\xstream\xstream\1.4.16\xstream-1.4.16.jar;C:\Users\sinde\.m2\repository\io\github\x-stream\mxparser\1.2.1\mxparser-1.2.1.jar;C:\Users\sinde\.m2\repository\xmlpull\xmlpull\1.1.3.1\xmlpull-1.1.3.1.jar;C:\Users\sinde\.m2\repository\org\junit\jupiter\junit-jupiter-api\5.5.2\junit-jupiter-api-5.5.2.jar;C:\Users\sinde\.m2\repository\org\apiguardian\apiguardian-api\1.1.0\apiguardian-api-1.1.0.jar;C:\Users\sinde\.m2\repository\org\opentest4j\opentest4j\1.2.0\opentest4j-1.2.0.jar;C:\Users\sinde\.m2\repository\org\junit\platform\junit-platform-commons\1.5.2\junit-platform-commons-1.5.2.jar;C:\Users\sinde\.m2\repository\org\junit\jupiter\junit-jupiter-engine\5.5.2\junit-jupiter-engine-5.5.2.jar;C:\Users\sinde\.m2\repository\org\junit\platform\junit-platform-engine\1.5.2\junit-platform-engine-1.5.2.jar;C:\Users\sinde\.m2\repository\org\junit\jupiter\junit-jupiter-params\5.5.2\junit-jupiter-params-5.5.2.jar;C:\Users\sinde\.m2\repository\org\assertj\assertj-core\3.14.0\assertj-core-3.14.0.jar;C:\Users\sinde\.m2\repository\org\jdom\jdom\1.1.3\jdom-1.1.3.jar;C:\Users\sinde\.m2\repository\org\apache\poi\poi\4.1.2\poi-4.1.2.jar;C:\Users\sinde\.m2\repository\commons-codec\commons-codec\1.13\commons-codec-1.13.jar;C:\Users\sinde\.m2\repository\org\apache\commons\commons-collections4\4.4\commons-collections4-4.4.jar;C:\Users\sinde\.m2\repository\com\zaxxer\SparseBitSet\1.2\SparseBitSet-1.2.jar;C:\Users\sinde\.m2\repository\org\apache\poi\poi-ooxml\4.1.2\poi-ooxml-4.1.2.jar;C:\Users\sinde\.m2\repository\org\apache\poi\poi-ooxml-schemas\4.1.2\poi-ooxml-schemas-4.1.2.jar;C:\Users\sinde\.m2\repository\org\apache\xmlbeans\xmlbeans\3.1.0\xmlbeans-3.1.0.jar;C:\Users\sinde\.m2\repository\org\apache\commons\commons-compress\1.19\commons-compress-1.19.jar;C:\Users\sinde\.m2\repository\com\github\virtuald\curvesapi\1.06\curvesapi-1.06.jar;"/>
    <property name="sun.cpu.endian" value="little"/>
    <property name="user.home" value="C:\Users\sinde"/>
    <property name="user.language" value="ko"/>
    <property name="java.specification.vendor" value="Oracle Corporation"/>
    <property name="java.version.date" value="2020-01-14"/>
    <property name="java.home" value="C:\Program Files\Zulu\zulu-11"/>
    <property name="file.separator" value="\"/>
    <property name="basedir" value="D:\JavaProject\optaplanner-distribution-8.5.0.Final\examples\sources"/>
    <property name="java.vm.compressedOopsMode" value="Zero based"/>
    <property name="line.separator" value="&#10;"/>
    <property name="java.specification.name" value="Java Platform API Specification"/>
    <property name="java.vm.specification.vendor" value="Oracle Corporation"/>
    <property name="java.awt.graphicsenv" value="sun.awt.Win32GraphicsEnvironment"/>
    <property name="java.awt.headless" value="true"/>
    <property name="surefire.real.class.path" value="C:\Users\sinde\AppData\Local\Temp\surefire17189140940026682987\surefirebooter3277756185779583312.jar"/>
    <property name="user.script" value=""/>
    <property name="sun.management.compiler" value="HotSpot 64-Bit Tiered Compilers"/>
    <property name="java.runtime.version" value="11.0.6+10-LTS"/>
    <property name="user.name" value="sinde"/>
    <property name="path.separator" value=";"/>
    <property name="os.version" value="10.0"/>
    <property name="java.runtime.name" value="OpenJDK Runtime Environment"/>
    <property name="file.encoding" value="MS949"/>
    <property name="java.vm.name" value="OpenJDK 64-Bit Server VM"/>
    <property name="java.vendor.version" value="Zulu11.37+17-CA"/>
    <property name="localRepository" value="C:\Users\sinde\.m2\repository"/>
    <property name="java.vendor.url.bug" value="http://www.azulsystems.com/support/"/>
    <property name="java.io.tmpdir" value="D:\JavaProject\optaplanner-distribution-8.5.0.Final\examples\sources\target"/>
    <property name="idea.version" value="2021.1.2"/>
    <property name="java.version" value="11.0.6"/>
    <property name="user.dir" value="D:\JavaProject\optaplanner-distribution-8.5.0.Final\examples\sources"/>
    <property name="os.arch" value="amd64"/>
    <property name="java.vm.specification.name" value="Java Virtual Machine Specification"/>
    <property name="java.awt.printerjob" value="sun.awt.windows.WPrinterJob"/>
    <property name="sun.os.patch.level" value=""/>
    <property name="java.library.path" value="C:\Program Files\Zulu\zulu-11\bin;C:\WINDOWS\Sun\Java\bin;C:\WINDOWS\system32;C:\WINDOWS;C:\Program Files (x86)\NAT Service;C:\WINDOWS\system32;C:\WINDOWS;C:\WINDOWS\System32\Wbem;C:\WINDOWS\System32\WindowsPowerShell\v1.0\;C:\WINDOWS\System32\OpenSSH\;C:\Program Files\nodejs\;C:\Program Files\Zulu\zulu-11\bin\;C:\Program Files\Zulu\zulu-8\bin\;D:\WebProject\apache-maven-3.6.3\bin;C:\Program Files\Git\cmd;C:\Program Files\mingw-w64\x86_64-8.1.0-posix-seh-rt_v6-rev0\mingw64\bin;C:\Program Files (x86)\Windows Kits\10\Windows Performance Toolkit\;C:\Program Files\Python64bit\Scripts\;C:\Program Files\Python64bit\;C:\Program Files\MySQL\MySQL Shell 8.0\bin\;C:\Users\sinde\AppData\Local\Microsoft\WindowsApps;C:\Users\sinde\AppData\Roaming\npm;C:\Program Files\JetBrains\IntelliJ IDEA Community Edition 2021.1.2\bin;;C:\Users\sinde\AppData\Local\Programs\Microsoft VS Code\bin;C:\Program Files\JetBrains\PyCharm Community Edition 2020.1.4\bin;;;."/>
    <property name="java.vendor" value="Azul Systems, Inc."/>
    <property name="java.vm.info" value="mixed mode"/>
    <property name="java.vm.version" value="11.0.6+10-LTS"/>
    <property name="sun.io.unicode.encoding" value="UnicodeLittle"/>
    <property name="java.class.version" value="55.0"/>
  </properties>
  <testcase name="readSolution[1]" classname="org.optaplanner.examples.vehiclerouting.persistence.VehicleRoutingImportDataFilesTest" time="0.01"/>
  <testcase name="readSolution[2]" classname="org.optaplanner.examples.vehiclerouting.persistence.VehicleRoutingImportDataFilesTest" time="0.007"/>
  <testcase name="readSolution[3]" classname="org.optaplanner.examples.vehiclerouting.persistence.VehicleRoutingImportDataFilesTest" time="0.009"/>
  <testcase name="readSolution[4]" classname="org.optaplanner.examples.vehiclerouting.persistence.VehicleRoutingImportDataFilesTest" time="0.01"/>
  <testcase name="readSolution[5]" classname="org.optaplanner.examples.vehiclerouting.persistence.VehicleRoutingImportDataFilesTest" time="0.017"/>
  <testcase name="readSolution[6]" classname="org.optaplanner.examples.vehiclerouting.persistence.VehicleRoutingImportDataFilesTest" time="0.008"/>
  <testcase name="readSolution[7]" classname="org.optaplanner.examples.vehiclerouting.persistence.VehicleRoutingImportDataFilesTest" time="0.012"/>
  <testcase name="readSolution[8]" classname="org.optaplanner.examples.vehiclerouting.persistence.VehicleRoutingImportDataFilesTest" time="0.093"/>
  <testcase name="readSolution[9]" classname="org.optaplanner.examples.vehiclerouting.persistence.VehicleRoutingImportDataFilesTest" time="0.009"/>
  <testcase name="readSolution[10]" classname="org.optaplanner.examples.vehiclerouting.persistence.VehicleRoutingImportDataFilesTest" time="0.013"/>
  <testcase name="readSolution[11]" classname="org.optaplanner.examples.vehiclerouting.persistence.VehicleRoutingImportDataFilesTest" time="0.008"/>
  <testcase name="readSolution[12]" classname="org.optaplanner.examples.vehiclerouting.persistence.VehicleRoutingImportDataFilesTest" time="0.012"/>
  <testcase name="readSolution[13]" classname="org.optaplanner.examples.vehiclerouting.persistence.VehicleRoutingImportDataFilesTest" time="0.077"/>
  <testcase name="readSolution[14]" classname="org.optaplanner.examples.vehiclerouting.persistence.VehicleRoutingImportDataFilesTest" time="0.009"/>
  <testcase name="readSolution[15]" classname="org.optaplanner.examples.vehiclerouting.persistence.VehicleRoutingImportDataFilesTest" time="0.01"/>
  <testcase name="readSolution[16]" classname="org.optaplanner.examples.vehiclerouting.persistence.VehicleRoutingImportDataFilesTest" time="0.007"/>
  <testcase name="readSolution[17]" classname="org.optaplanner.examples.vehiclerouting.persistence.VehicleRoutingImportDataFilesTest" time="0.007"/>
  <testcase name="readSolution[18]" classname="org.optaplanner.examples.vehiclerouting.persistence.VehicleRoutingImportDataFilesTest" time="0.009"/>
  <testcase name="readSolution[19]" classname="org.optaplanner.examples.vehiclerouting.persistence.VehicleRoutingImportDataFilesTest" time="0.01"/>
  <testcase name="readSolution[20]" classname="org.optaplanner.examples.vehiclerouting.persistence.VehicleRoutingImportDataFilesTest" time="0.018"/>
  <testcase name="readSolution[21]" classname="org.optaplanner.examples.vehiclerouting.persistence.VehicleRoutingImportDataFilesTest" time="0.007"/>
  <testcase name="readSolution[22]" classname="org.optaplanner.examples.vehiclerouting.persistence.VehicleRoutingImportDataFilesTest" time="0.007"/>
  <testcase name="readSolution[23]" classname="org.optaplanner.examples.vehiclerouting.persistence.VehicleRoutingImportDataFilesTest" time="0.009"/>
  <testcase name="readSolution[24]" classname="org.optaplanner.examples.vehiclerouting.persistence.VehicleRoutingImportDataFilesTest" time="0.011"/>
  <testcase name="readSolution[25]" classname="org.optaplanner.examples.vehiclerouting.persistence.VehicleRoutingImportDataFilesTest" time="0.016"/>
  <testcase name="readSolution[26]" classname="org.optaplanner.examples.vehiclerouting.persistence.VehicleRoutingImportDataFilesTest" time="0.008"/>
  <testcase name="readSolution[27]" classname="org.optaplanner.examples.vehiclerouting.persistence.VehicleRoutingImportDataFilesTest" time="0.01"/>
  <testcase name="readSolution[28]" classname="org.optaplanner.examples.vehiclerouting.persistence.VehicleRoutingImportDataFilesTest" time="0.008"/>
  <testcase name="readSolution[29]" classname="org.optaplanner.examples.vehiclerouting.persistence.VehicleRoutingImportDataFilesTest" time="0.011"/>
  <testcase name="readSolution[30]" classname="org.optaplanner.examples.vehiclerouting.persistence.VehicleRoutingImportDataFilesTest" time="0.007"/>
  <testcase name="readSolution[31]" classname="org.optaplanner.examples.vehiclerouting.persistence.VehicleRoutingImportDataFilesTest" time="0.009"/>
  <testcase name="readSolution[32]" classname="org.optaplanner.examples.vehiclerouting.persistence.VehicleRoutingImportDataFilesTest" time="0.009"/>
  <testcase name="readSolution[33]" classname="org.optaplanner.examples.vehiclerouting.persistence.VehicleRoutingImportDataFilesTest" time="0.011"/>
  <testcase name="readSolution[34]" classname="org.optaplanner.examples.vehiclerouting.persistence.VehicleRoutingImportDataFilesTest" time="0.018"/>
  <testcase name="readSolution[35]" classname="org.optaplanner.examples.vehiclerouting.persistence.VehicleRoutingImportDataFilesTest" time="0.007"/>
  <testcase name="readSolution[36]" classname="org.optaplanner.examples.vehiclerouting.persistence.VehicleRoutingImportDataFilesTest" time="0.007"/>
  <testcase name="readSolution[37]" classname="org.optaplanner.examples.vehiclerouting.persistence.VehicleRoutingImportDataFilesTest" time="0.008"/>
  <testcase name="readSolution[38]" classname="org.optaplanner.examples.vehiclerouting.persistence.VehicleRoutingImportDataFilesTest" time="0.01"/>
  <testcase name="readSolution[39]" classname="org.optaplanner.examples.vehiclerouting.persistence.VehicleRoutingImportDataFilesTest" time="0.007"/>
  <testcase name="readSolution[40]" classname="org.optaplanner.examples.vehiclerouting.persistence.VehicleRoutingImportDataFilesTest" time="0.008"/>
  <testcase name="readSolution[41]" classname="org.optaplanner.examples.vehiclerouting.persistence.VehicleRoutingImportDataFilesTest" time="0.006"/>
  <testcase name="readSolution[42]" classname="org.optaplanner.examples.vehiclerouting.persistence.VehicleRoutingImportDataFilesTest" time="0.009"/>
  <testcase name="readSolution[43]" classname="org.optaplanner.examples.vehiclerouting.persistence.VehicleRoutingImportDataFilesTest" time="0.008"/>
  <testcase name="readSolution[44]" classname="org.optaplanner.examples.vehiclerouting.persistence.VehicleRoutingImportDataFilesTest" time="0.007"/>
  <testcase name="readSolution[45]" classname="org.optaplanner.examples.vehiclerouting.persistence.VehicleRoutingImportDataFilesTest" time="0.007"/>
  <testcase name="readSolution[46]" classname="org.optaplanner.examples.vehiclerouting.persistence.VehicleRoutingImportDataFilesTest" time="0.007"/>
  <testcase name="readSolution[47]" classname="org.optaplanner.examples.vehiclerouting.persistence.VehicleRoutingImportDataFilesTest" time="0.006"/>
  <testcase name="readSolution[48]" classname="org.optaplanner.examples.vehiclerouting.persistence.VehicleRoutingImportDataFilesTest" time="0.009"/>
  <testcase name="readSolution[49]" classname="org.optaplanner.examples.vehiclerouting.persistence.VehicleRoutingImportDataFilesTest" time="0.007"/>
  <testcase name="readSolution[50]" classname="org.optaplanner.examples.vehiclerouting.persistence.VehicleRoutingImportDataFilesTest" time="0.009"/>
  <testcase name="readSolution[51]" classname="org.optaplanner.examples.vehiclerouting.persistence.VehicleRoutingImportDataFilesTest" time="0.008"/>
  <testcase name="readSolution[52]" classname="org.optaplanner.examples.vehiclerouting.persistence.VehicleRoutingImportDataFilesTest" time="0.007"/>
  <testcase name="readSolution[53]" classname="org.optaplanner.examples.vehiclerouting.persistence.VehicleRoutingImportDataFilesTest" time="0.007"/>
  <testcase name="readSolution[54]" classname="org.optaplanner.examples.vehiclerouting.persistence.VehicleRoutingImportDataFilesTest" time="0.008"/>
  <testcase name="readSolution[55]" classname="org.optaplanner.examples.vehiclerouting.persistence.VehicleRoutingImportDataFilesTest" time="0.007"/>
  <testcase name="readSolution[56]" classname="org.optaplanner.examples.vehiclerouting.persistence.VehicleRoutingImportDataFilesTest" time="0.007"/>
  <testcase name="readSolution[57]" classname="org.optaplanner.examples.vehiclerouting.persistence.VehicleRoutingImportDataFilesTest" time="0.008"/>
  <testcase name="readSolution[58]" classname="org.optaplanner.examples.vehiclerouting.persistence.VehicleRoutingImportDataFilesTest" time="0.008"/>
  <testcase name="readSolution[59]" classname="org.optaplanner.examples.vehiclerouting.persistence.VehicleRoutingImportDataFilesTest" time="0.007"/>
  <testcase name="readSolution[60]" classname="org.optaplanner.examples.vehiclerouting.persistence.VehicleRoutingImportDataFilesTest" time="0.008"/>
  <testcase name="readSolution[61]" classname="org.optaplanner.examples.vehiclerouting.persistence.VehicleRoutingImportDataFilesTest" time="0.009"/>
  <testcase name="readSolution[62]" classname="org.optaplanner.examples.vehiclerouting.persistence.VehicleRoutingImportDataFilesTest" time="0.008"/>
  <testcase name="readSolution[63]" classname="org.optaplanner.examples.vehiclerouting.persistence.VehicleRoutingImportDataFilesTest" time="0.007"/>
  <testcase name="readSolution[64]" classname="org.optaplanner.examples.vehiclerouting.persistence.VehicleRoutingImportDataFilesTest" time="0.008"/>
  <testcase name="readSolution[65]" classname="org.optaplanner.examples.vehiclerouting.persistence.VehicleRoutingImportDataFilesTest" time="0.008"/>
  <testcase name="readSolution[66]" classname="org.optaplanner.examples.vehiclerouting.persistence.VehicleRoutingImportDataFilesTest" time="0.008"/>
  <testcase name="readSolution[67]" classname="org.optaplanner.examples.vehiclerouting.persistence.VehicleRoutingImportDataFilesTest" time="0.008"/>
  <testcase name="readSolution[68]" classname="org.optaplanner.examples.vehiclerouting.persistence.VehicleRoutingImportDataFilesTest" time="0.007"/>
  <testcase name="readSolution[69]" classname="org.optaplanner.examples.vehiclerouting.persistence.VehicleRoutingImportDataFilesTest" time="0.008"/>
  <testcase name="readSolution[70]" classname="org.optaplanner.examples.vehiclerouting.persistence.VehicleRoutingImportDataFilesTest" time="0.008"/>
  <testcase name="readSolution[71]" classname="org.optaplanner.examples.vehiclerouting.persistence.VehicleRoutingImportDataFilesTest" time="0.007"/>
  <testcase name="readSolution[72]" classname="org.optaplanner.examples.vehiclerouting.persistence.VehicleRoutingImportDataFilesTest" time="0.007"/>
  <testcase name="readSolution[73]" classname="org.optaplanner.examples.vehiclerouting.persistence.VehicleRoutingImportDataFilesTest" time="0.008"/>
  <testcase name="readSolution[74]" classname="org.optaplanner.examples.vehiclerouting.persistence.VehicleRoutingImportDataFilesTest" time="0.008"/>
  <testcase name="readSolution[75]" classname="org.optaplanner.examples.vehiclerouting.persistence.VehicleRoutingImportDataFilesTest" time="0.008"/>
  <testcase name="readSolution[76]" classname="org.optaplanner.examples.vehiclerouting.persistence.VehicleRoutingImportDataFilesTest" time="0.007"/>
  <testcase name="readSolution[77]" classname="org.optaplanner.examples.vehiclerouting.persistence.VehicleRoutingImportDataFilesTest" time="0.007"/>
  <testcase name="readSolution[78]" classname="org.optaplanner.examples.vehiclerouting.persistence.VehicleRoutingImportDataFilesTest" time="0.008"/>
  <testcase name="readSolution[79]" classname="org.optaplanner.examples.vehiclerouting.persistence.VehicleRoutingImportDataFilesTest" time="0.008"/>
  <testcase name="readSolution[80]" classname="org.optaplanner.examples.vehiclerouting.persistence.VehicleRoutingImportDataFilesTest" time="0.007"/>
  <testcase name="readSolution[81]" classname="org.optaplanner.examples.vehiclerouting.persistence.VehicleRoutingImportDataFilesTest" time="0.007"/>
  <testcase name="readSolution[82]" classname="org.optaplanner.examples.vehiclerouting.persistence.VehicleRoutingImportDataFilesTest" time="0.007"/>
  <testcase name="readSolution[83]" classname="org.optaplanner.examples.vehiclerouting.persistence.VehicleRoutingImportDataFilesTest" time="0.008"/>
  <testcase name="readSolution[84]" classname="org.optaplanner.examples.vehiclerouting.persistence.VehicleRoutingImportDataFilesTest" time="0.008"/>
  <testcase name="readSolution[85]" classname="org.optaplanner.examples.vehiclerouting.persistence.VehicleRoutingImportDataFilesTest" time="0.008"/>
  <testcase name="readSolution[86]" classname="org.optaplanner.examples.vehiclerouting.persistence.VehicleRoutingImportDataFilesTest" time="0.007"/>
  <testcase name="readSolution[87]" classname="org.optaplanner.examples.vehiclerouting.persistence.VehicleRoutingImportDataFilesTest" time="0.009"/>
  <testcase name="readSolution[88]" classname="org.optaplanner.examples.vehiclerouting.persistence.VehicleRoutingImportDataFilesTest" time="0.008"/>
  <testcase name="readSolution[89]" classname="org.optaplanner.examples.vehiclerouting.persistence.VehicleRoutingImportDataFilesTest" time="0.007"/>
  <testcase name="readSolution[90]" classname="org.optaplanner.examples.vehiclerouting.persistence.VehicleRoutingImportDataFilesTest" time="0.007"/>
  <testcase name="readSolution[91]" classname="org.optaplanner.examples.vehiclerouting.persistence.VehicleRoutingImportDataFilesTest" time="0.008"/>
  <testcase name="readSolution[92]" classname="org.optaplanner.examples.vehiclerouting.persistence.VehicleRoutingImportDataFilesTest" time="0.007"/>
  <testcase name="readSolution[93]" classname="org.optaplanner.examples.vehiclerouting.persistence.VehicleRoutingImportDataFilesTest" time="0.008"/>
  <testcase name="readSolution[94]" classname="org.optaplanner.examples.vehiclerouting.persistence.VehicleRoutingImportDataFilesTest" time="0.007"/>
  <testcase name="readSolution[95]" classname="org.optaplanner.examples.vehiclerouting.persistence.VehicleRoutingImportDataFilesTest" time="0.008"/>
  <testcase name="readSolution[96]" classname="org.optaplanner.examples.vehiclerouting.persistence.VehicleRoutingImportDataFilesTest" time="0.007"/>
  <testcase name="readSolution[97]" classname="org.optaplanner.examples.vehiclerouting.persistence.VehicleRoutingImportDataFilesTest" time="0.008"/>
  <testcase name="readSolution[98]" classname="org.optaplanner.examples.vehiclerouting.persistence.VehicleRoutingImportDataFilesTest" time="0.007"/>
  <testcase name="readSolution[99]" classname="org.optaplanner.examples.vehiclerouting.persistence.VehicleRoutingImportDataFilesTest" time="0.009"/>
  <testcase name="readSolution[100]" classname="org.optaplanner.examples.vehiclerouting.persistence.VehicleRoutingImportDataFilesTest" time="0.008"/>
  <testcase name="readSolution[101]" classname="org.optaplanner.examples.vehiclerouting.persistence.VehicleRoutingImportDataFilesTest" time="0.009"/>
  <testcase name="readSolution[102]" classname="org.optaplanner.examples.vehiclerouting.persistence.VehicleRoutingImportDataFilesTest" time="0.008"/>
  <testcase name="readSolution[103]" classname="org.optaplanner.examples.vehiclerouting.persistence.VehicleRoutingImportDataFilesTest" time="0.008"/>
  <testcase name="readSolution[104]" classname="org.optaplanner.examples.vehiclerouting.persistence.VehicleRoutingImportDataFilesTest" time="0.008"/>
  <testcase name="readSolution[105]" classname="org.optaplanner.examples.vehiclerouting.persistence.VehicleRoutingImportDataFilesTest" time="0.008"/>
  <testcase name="readSolution[106]" classname="org.optaplanner.examples.vehiclerouting.persistence.VehicleRoutingImportDataFilesTest" time="0.008"/>
  <testcase name="readSolution[107]" classname="org.optaplanner.examples.vehiclerouting.persistence.VehicleRoutingImportDataFilesTest" time="0.01"/>
  <testcase name="readSolution[108]" classname="org.optaplanner.examples.vehiclerouting.persistence.VehicleRoutingImportDataFilesTest" time="0.01"/>
  <testcase name="readSolution[109]" classname="org.optaplanner.examples.vehiclerouting.persistence.VehicleRoutingImportDataFilesTest" time="0.008"/>
  <testcase name="readSolution[110]" classname="org.optaplanner.examples.vehiclerouting.persistence.VehicleRoutingImportDataFilesTest" time="0.012"/>
  <testcase name="readSolution[111]" classname="org.optaplanner.examples.vehiclerouting.persistence.VehicleRoutingImportDataFilesTest" time="0.009"/>
  <testcase name="readSolution[112]" classname="org.optaplanner.examples.vehiclerouting.persistence.VehicleRoutingImportDataFilesTest" time="0.007"/>
  <testcase name="readSolution[113]" classname="org.optaplanner.examples.vehiclerouting.persistence.VehicleRoutingImportDataFilesTest" time="0.01"/>
  <testcase name="readSolution[114]" classname="org.optaplanner.examples.vehiclerouting.persistence.VehicleRoutingImportDataFilesTest" time="0.007"/>
  <testcase name="readSolution[115]" classname="org.optaplanner.examples.vehiclerouting.persistence.VehicleRoutingImportDataFilesTest" time="0.008"/>
  <testcase name="readSolution[116]" classname="org.optaplanner.examples.vehiclerouting.persistence.VehicleRoutingImportDataFilesTest" time="0.008"/>
  <testcase name="readSolution[117]" classname="org.optaplanner.examples.vehiclerouting.persistence.VehicleRoutingImportDataFilesTest" time="0.008"/>
  <testcase name="readSolution[118]" classname="org.optaplanner.examples.vehiclerouting.persistence.VehicleRoutingImportDataFilesTest" time="0.008"/>
  <testcase name="readSolution[119]" classname="org.optaplanner.examples.vehiclerouting.persistence.VehicleRoutingImportDataFilesTest" time="0.009"/>
  <testcase name="readSolution[120]" classname="org.optaplanner.examples.vehiclerouting.persistence.VehicleRoutingImportDataFilesTest" time="0.008"/>
  <testcase name="readSolution[121]" classname="org.optaplanner.examples.vehiclerouting.persistence.VehicleRoutingImportDataFilesTest" time="0.009"/>
  <testcase name="readSolution[122]" classname="org.optaplanner.examples.vehiclerouting.persistence.VehicleRoutingImportDataFilesTest" time="0.008"/>
  <testcase name="readSolution[123]" classname="org.optaplanner.examples.vehiclerouting.persistence.VehicleRoutingImportDataFilesTest" time="0.01"/>
  <testcase name="readSolution[124]" classname="org.optaplanner.examples.vehiclerouting.persistence.VehicleRoutingImportDataFilesTest" time="0.009"/>
  <testcase name="readSolution[125]" classname="org.optaplanner.examples.vehiclerouting.persistence.VehicleRoutingImportDataFilesTest" time="0.009"/>
  <testcase name="readSolution[126]" classname="org.optaplanner.examples.vehiclerouting.persistence.VehicleRoutingImportDataFilesTest" time="0.015"/>
  <testcase name="readSolution[127]" classname="org.optaplanner.examples.vehiclerouting.persistence.VehicleRoutingImportDataFilesTest" time="0.009"/>
  <testcase name="readSolution[128]" classname="org.optaplanner.examples.vehiclerouting.persistence.VehicleRoutingImportDataFilesTest" time="0.011"/>
  <testcase name="readSolution[129]" classname="org.optaplanner.examples.vehiclerouting.persistence.VehicleRoutingImportDataFilesTest" time="0.009"/>
  <testcase name="readSolution[130]" classname="org.optaplanner.examples.vehiclerouting.persistence.VehicleRoutingImportDataFilesTest" time="0.01"/>
  <testcase name="readSolution[131]" classname="org.optaplanner.examples.vehiclerouting.persistence.VehicleRoutingImportDataFilesTest" time="0.008"/>
  <testcase name="readSolution[132]" classname="org.optaplanner.examples.vehiclerouting.persistence.VehicleRoutingImportDataFilesTest" time="0.012"/>
  <testcase name="readSolution[133]" classname="org.optaplanner.examples.vehiclerouting.persistence.VehicleRoutingImportDataFilesTest" time="0.009"/>
  <testcase name="readSolution[134]" classname="org.optaplanner.examples.vehiclerouting.persistence.VehicleRoutingImportDataFilesTest" time="0.01"/>
  <testcase name="readSolution[135]" classname="org.optaplanner.examples.vehiclerouting.persistence.VehicleRoutingImportDataFilesTest" time="0.009"/>
  <testcase name="readSolution[136]" classname="org.optaplanner.examples.vehiclerouting.persistence.VehicleRoutingImportDataFilesTest" time="0.009"/>
  <testcase name="readSolution[137]" classname="org.optaplanner.examples.vehiclerouting.persistence.VehicleRoutingImportDataFilesTest" time="0.009"/>
  <testcase name="readSolution[138]" classname="org.optaplanner.examples.vehiclerouting.persistence.VehicleRoutingImportDataFilesTest" time="0.009"/>
  <testcase name="readSolution[139]" classname="org.optaplanner.examples.vehiclerouting.persistence.VehicleRoutingImportDataFilesTest" time="0.01"/>
  <testcase name="readSolution[140]" classname="org.optaplanner.examples.vehiclerouting.persistence.VehicleRoutingImportDataFilesTest" time="0.011"/>
  <testcase name="readSolution[141]" classname="org.optaplanner.examples.vehiclerouting.persistence.VehicleRoutingImportDataFilesTest" time="0.007"/>
  <testcase name="readSolution[142]" classname="org.optaplanner.examples.vehiclerouting.persistence.VehicleRoutingImportDataFilesTest" time="0.007"/>
  <testcase name="readSolution[143]" classname="org.optaplanner.examples.vehiclerouting.persistence.VehicleRoutingImportDataFilesTest" time="0.006"/>
  <testcase name="readSolution[144]" classname="org.optaplanner.examples.vehiclerouting.persistence.VehicleRoutingImportDataFilesTest" time="0.007"/>
  <testcase name="readSolution[145]" classname="org.optaplanner.examples.vehiclerouting.persistence.VehicleRoutingImportDataFilesTest" time="0.008"/>
  <testcase name="readSolution[146]" classname="org.optaplanner.examples.vehiclerouting.persistence.VehicleRoutingImportDataFilesTest" time="0.008"/>
  <testcase name="readSolution[147]" classname="org.optaplanner.examples.vehiclerouting.persistence.VehicleRoutingImportDataFilesTest" time="0.008"/>
  <testcase name="readSolution[148]" classname="org.optaplanner.examples.vehiclerouting.persistence.VehicleRoutingImportDataFilesTest" time="0.008"/>
  <testcase name="readSolution[149]" classname="org.optaplanner.examples.vehiclerouting.persistence.VehicleRoutingImportDataFilesTest" time="0.008"/>
  <testcase name="readSolution[150]" classname="org.optaplanner.examples.vehiclerouting.persistence.VehicleRoutingImportDataFilesTest" time="0.009"/>
  <testcase name="readSolution[151]" classname="org.optaplanner.examples.vehiclerouting.persistence.VehicleRoutingImportDataFilesTest" time="0.01"/>
  <testcase name="readSolution[152]" classname="org.optaplanner.examples.vehiclerouting.persistence.VehicleRoutingImportDataFilesTest" time="0.024"/>
  <testcase name="readSolution[153]" classname="org.optaplanner.examples.vehiclerouting.persistence.VehicleRoutingImportDataFilesTest" time="0.058"/>
  <testcase name="readSolution[154]" classname="org.optaplanner.examples.vehiclerouting.persistence.VehicleRoutingImportDataFilesTest" time="0.95"/>
  <testcase name="readSolution[155]" classname="org.optaplanner.examples.vehiclerouting.persistence.VehicleRoutingImportDataFilesTest" time="0.201"/>
  <testcase name="readSolution[156]" classname="org.optaplanner.examples.vehiclerouting.persistence.VehicleRoutingImportDataFilesTest" time="0.012"/>
  <testcase name="readSolution[157]" classname="org.optaplanner.examples.vehiclerouting.persistence.VehicleRoutingImportDataFilesTest" time="0.008"/>
  <testcase name="readSolution[158]" classname="org.optaplanner.examples.vehiclerouting.persistence.VehicleRoutingImportDataFilesTest" time="0.008"/>
  <testcase name="readSolution[159]" classname="org.optaplanner.examples.vehiclerouting.persistence.VehicleRoutingImportDataFilesTest" time="0.008"/>
  <testcase name="readSolution[160]" classname="org.optaplanner.examples.vehiclerouting.persistence.VehicleRoutingImportDataFilesTest" time="0.011"/>
  <testcase name="readSolution[161]" classname="org.optaplanner.examples.vehiclerouting.persistence.VehicleRoutingImportDataFilesTest" time="0.008"/>
  <testcase name="readSolution[162]" classname="org.optaplanner.examples.vehiclerouting.persistence.VehicleRoutingImportDataFilesTest" time="0.008"/>
  <testcase name="readSolution[163]" classname="org.optaplanner.examples.vehiclerouting.persistence.VehicleRoutingImportDataFilesTest" time="0.009"/>
  <testcase name="readSolution[164]" classname="org.optaplanner.examples.vehiclerouting.persistence.VehicleRoutingImportDataFilesTest" time="0.008"/>
  <testcase name="readSolution[165]" classname="org.optaplanner.examples.vehiclerouting.persistence.VehicleRoutingImportDataFilesTest" time="0.008"/>
  <testcase name="readSolution[166]" classname="org.optaplanner.examples.vehiclerouting.persistence.VehicleRoutingImportDataFilesTest" time="0.009"/>
  <testcase name="readSolution[167]" classname="org.optaplanner.examples.vehiclerouting.persistence.VehicleRoutingImportDataFilesTest" time="0.007"/>
  <testcase name="readSolution[168]" classname="org.optaplanner.examples.vehiclerouting.persistence.VehicleRoutingImportDataFilesTest" time="0.01"/>
  <testcase name="readSolution[169]" classname="org.optaplanner.examples.vehiclerouting.persistence.VehicleRoutingImportDataFilesTest" time="0.008"/>
  <testcase name="readSolution[170]" classname="org.optaplanner.examples.vehiclerouting.persistence.VehicleRoutingImportDataFilesTest" time="0.007"/>
  <testcase name="readSolution[171]" classname="org.optaplanner.examples.vehiclerouting.persistence.VehicleRoutingImportDataFilesTest" time="0.007"/>
  <testcase name="readSolution[172]" classname="org.optaplanner.examples.vehiclerouting.persistence.VehicleRoutingImportDataFilesTest" time="0.008"/>
  <testcase name="readSolution[173]" classname="org.optaplanner.examples.vehiclerouting.persistence.VehicleRoutingImportDataFilesTest" time="0.007"/>
  <testcase name="readSolution[174]" classname="org.optaplanner.examples.vehiclerouting.persistence.VehicleRoutingImportDataFilesTest" time="0.008"/>
  <testcase name="readSolution[175]" classname="org.optaplanner.examples.vehiclerouting.persistence.VehicleRoutingImportDataFilesTest" time="0.007"/>
  <testcase name="readSolution[176]" classname="org.optaplanner.examples.vehiclerouting.persistence.VehicleRoutingImportDataFilesTest" time="0.008"/>
  <testcase name="readSolution[177]" classname="org.optaplanner.examples.vehiclerouting.persistence.VehicleRoutingImportDataFilesTest" time="0.007"/>
  <testcase name="readSolution[178]" classname="org.optaplanner.examples.vehiclerouting.persistence.VehicleRoutingImportDataFilesTest" time="0.007"/>
  <testcase name="readSolution[179]" classname="org.optaplanner.examples.vehiclerouting.persistence.VehicleRoutingImportDataFilesTest" time="0.007"/>
  <testcase name="readSolution[180]" classname="org.optaplanner.examples.vehiclerouting.persistence.VehicleRoutingImportDataFilesTest" time="0.007"/>
  <testcase name="readSolution[181]" classname="org.optaplanner.examples.vehiclerouting.persistence.VehicleRoutingImportDataFilesTest" time="0.007"/>
  <testcase name="readSolution[182]" classname="org.optaplanner.examples.vehiclerouting.persistence.VehicleRoutingImportDataFilesTest" time="0.008"/>
  <testcase name="readSolution[183]" classname="org.optaplanner.examples.vehiclerouting.persistence.VehicleRoutingImportDataFilesTest" time="0.007"/>
  <testcase name="readSolution[184]" classname="org.optaplanner.examples.vehiclerouting.persistence.VehicleRoutingImportDataFilesTest" time="0.007"/>
  <testcase name="readSolution[185]" classname="org.optaplanner.examples.vehiclerouting.persistence.VehicleRoutingImportDataFilesTest" time="0.007"/>
  <testcase name="readSolution[186]" classname="org.optaplanner.examples.vehiclerouting.persistence.VehicleRoutingImportDataFilesTest" time="0.009"/>
  <testcase name="readSolution[187]" classname="org.optaplanner.examples.vehiclerouting.persistence.VehicleRoutingImportDataFilesTest" time="0.01"/>
  <testcase name="readSolution[188]" classname="org.optaplanner.examples.vehiclerouting.persistence.VehicleRoutingImportDataFilesTest" time="0.009"/>
  <testcase name="readSolution[189]" classname="org.optaplanner.examples.vehiclerouting.persistence.VehicleRoutingImportDataFilesTest" time="0.008"/>
  <testcase name="readSolution[190]" classname="org.optaplanner.examples.vehiclerouting.persistence.VehicleRoutingImportDataFilesTest" time="0.009"/>
  <testcase name="readSolution[191]" classname="org.optaplanner.examples.vehiclerouting.persistence.VehicleRoutingImportDataFilesTest" time="0.008"/>
  <testcase name="readSolution[192]" classname="org.optaplanner.examples.vehiclerouting.persistence.VehicleRoutingImportDataFilesTest" time="0.009"/>
  <testcase name="readSolution[193]" classname="org.optaplanner.examples.vehiclerouting.persistence.VehicleRoutingImportDataFilesTest" time="0.01"/>
  <testcase name="readSolution[194]" classname="org.optaplanner.examples.vehiclerouting.persistence.VehicleRoutingImportDataFilesTest" time="0.009"/>
  <testcase name="readSolution[195]" classname="org.optaplanner.examples.vehiclerouting.persistence.VehicleRoutingImportDataFilesTest" time="0.009"/>
  <testcase name="readSolution[196]" classname="org.optaplanner.examples.vehiclerouting.persistence.VehicleRoutingImportDataFilesTest" time="0.011"/>
  <testcase name="readSolution[197]" classname="org.optaplanner.examples.vehiclerouting.persistence.VehicleRoutingImportDataFilesTest" time="0.01"/>
  <testcase name="readSolution[198]" classname="org.optaplanner.examples.vehiclerouting.persistence.VehicleRoutingImportDataFilesTest" time="0.011"/>
  <testcase name="readSolution[199]" classname="org.optaplanner.examples.vehiclerouting.persistence.VehicleRoutingImportDataFilesTest" time="0.01"/>
  <testcase name="readSolution[200]" classname="org.optaplanner.examples.vehiclerouting.persistence.VehicleRoutingImportDataFilesTest" time="0.009"/>
  <testcase name="readSolution[201]" classname="org.optaplanner.examples.vehiclerouting.persistence.VehicleRoutingImportDataFilesTest" time="0.012"/>
  <testcase name="readSolution[202]" classname="org.optaplanner.examples.vehiclerouting.persistence.VehicleRoutingImportDataFilesTest" time="0.01"/>
  <testcase name="readSolution[203]" classname="org.optaplanner.examples.vehiclerouting.persistence.VehicleRoutingImportDataFilesTest" time="0.008"/>
  <testcase name="readSolution[204]" classname="org.optaplanner.examples.vehiclerouting.persistence.VehicleRoutingImportDataFilesTest" time="0.01"/>
  <testcase name="readSolution[205]" classname="org.optaplanner.examples.vehiclerouting.persistence.VehicleRoutingImportDataFilesTest" time="0.04"/>
  <testcase name="readSolution[206]" classname="org.optaplanner.examples.vehiclerouting.persistence.VehicleRoutingImportDataFilesTest" time="0.011"/>
  <testcase name="readSolution[207]" classname="org.optaplanner.examples.vehiclerouting.persistence.VehicleRoutingImportDataFilesTest" time="0.015"/>
  <testcase name="readSolution[208]" classname="org.optaplanner.examples.vehiclerouting.persistence.VehicleRoutingImportDataFilesTest" time="0.012"/>
  <testcase name="readSolution[209]" classname="org.optaplanner.examples.vehiclerouting.persistence.VehicleRoutingImportDataFilesTest" time="0.012"/>
  <testcase name="readSolution[210]" classname="org.optaplanner.examples.vehiclerouting.persistence.VehicleRoutingImportDataFilesTest" time="0.011"/>
  <testcase name="readSolution[211]" classname="org.optaplanner.examples.vehiclerouting.persistence.VehicleRoutingImportDataFilesTest" time="0.011"/>
  <testcase name="readSolution[212]" classname="org.optaplanner.examples.vehiclerouting.persistence.VehicleRoutingImportDataFilesTest" time="0.012"/>
  <testcase name="readSolution[213]" classname="org.optaplanner.examples.vehiclerouting.persistence.VehicleRoutingImportDataFilesTest" time="0.011"/>
  <testcase name="readSolution[214]" classname="org.optaplanner.examples.vehiclerouting.persistence.VehicleRoutingImportDataFilesTest" time="0.011"/>
  <testcase name="readSolution[215]" classname="org.optaplanner.examples.vehiclerouting.persistence.VehicleRoutingImportDataFilesTest" time="0.011"/>
  <testcase name="readSolution[216]" classname="org.optaplanner.examples.vehiclerouting.persistence.VehicleRoutingImportDataFilesTest" time="0.01"/>
  <testcase name="readSolution[217]" classname="org.optaplanner.examples.vehiclerouting.persistence.VehicleRoutingImportDataFilesTest" time="0.006"/>
  <testcase name="readSolution[218]" classname="org.optaplanner.examples.vehiclerouting.persistence.VehicleRoutingImportDataFilesTest" time="0.007"/>
  <testcase name="readSolution[219]" classname="org.optaplanner.examples.vehiclerouting.persistence.VehicleRoutingImportDataFilesTest" time="0.007"/>
  <testcase name="readSolution[220]" classname="org.optaplanner.examples.vehiclerouting.persistence.VehicleRoutingImportDataFilesTest" time="0.008"/>
  <testcase name="readSolution[221]" classname="org.optaplanner.examples.vehiclerouting.persistence.VehicleRoutingImportDataFilesTest" time="0.007"/>
  <testcase name="readSolution[222]" classname="org.optaplanner.examples.vehiclerouting.persistence.VehicleRoutingImportDataFilesTest" time="0.006"/>
  <testcase name="readSolution[223]" classname="org.optaplanner.examples.vehiclerouting.persistence.VehicleRoutingImportDataFilesTest" time="0.007"/>
  <testcase name="readSolution[224]" classname="org.optaplanner.examples.vehiclerouting.persistence.VehicleRoutingImportDataFilesTest" time="0.007"/>
  <testcase name="readSolution[225]" classname="org.optaplanner.examples.vehiclerouting.persistence.VehicleRoutingImportDataFilesTest" time="0.007"/>
  <testcase name="readSolution[226]" classname="org.optaplanner.examples.vehiclerouting.persistence.VehicleRoutingImportDataFilesTest" time="0.007"/>
  <testcase name="readSolution[227]" classname="org.optaplanner.examples.vehiclerouting.persistence.VehicleRoutingImportDataFilesTest" time="0.007"/>
  <testcase name="readSolution[228]" classname="org.optaplanner.examples.vehiclerouting.persistence.VehicleRoutingImportDataFilesTest" time="0.007"/>
</testsuite>